[2020-06-08 15:42:01,534] {scheduler_job.py:154} INFO - Started process (PID=18079) to work on /home/isaias/airflow/dags/cron.py
[2020-06-08 15:42:01,535] {scheduler_job.py:1562} INFO - Processing file /home/isaias/airflow/dags/cron.py for tasks to queue
[2020-06-08 15:42:01,536] {logging_mixin.py:112} INFO - [2020-06-08 15:42:01,536] {dagbag.py:396} INFO - Filling up the DagBag from /home/isaias/airflow/dags/cron.py
[2020-06-08 15:42:01,540] {scheduler_job.py:1574} INFO - DAG(s) dict_keys(['python_test']) retrieved from /home/isaias/airflow/dags/cron.py
[2020-06-08 15:42:01,686] {scheduler_job.py:1284} INFO - Processing python_test
[2020-06-08 15:42:01,697] {scheduler_job.py:447} INFO - Skipping SLA check for <DAG: python_test> because no tasks in DAG have SLAs
[2020-06-08 15:42:01,701] {scheduler_job.py:162} INFO - Processing /home/isaias/airflow/dags/cron.py took 0.167 seconds
[2020-06-08 15:42:53,839] {scheduler_job.py:154} INFO - Started process (PID=18139) to work on /home/isaias/airflow/dags/cron.py
[2020-06-08 15:42:53,841] {scheduler_job.py:1562} INFO - Processing file /home/isaias/airflow/dags/cron.py for tasks to queue
[2020-06-08 15:42:53,841] {logging_mixin.py:112} INFO - [2020-06-08 15:42:53,841] {dagbag.py:396} INFO - Filling up the DagBag from /home/isaias/airflow/dags/cron.py
[2020-06-08 15:42:53,847] {scheduler_job.py:1574} INFO - DAG(s) dict_keys(['python_test']) retrieved from /home/isaias/airflow/dags/cron.py
[2020-06-08 15:42:53,986] {scheduler_job.py:1284} INFO - Processing python_test
[2020-06-08 15:42:53,993] {scheduler_job.py:447} INFO - Skipping SLA check for <DAG: python_test> because no tasks in DAG have SLAs
[2020-06-08 15:42:53,997] {scheduler_job.py:162} INFO - Processing /home/isaias/airflow/dags/cron.py took 0.158 seconds
[2020-06-08 15:43:45,656] {scheduler_job.py:154} INFO - Started process (PID=18180) to work on /home/isaias/airflow/dags/cron.py
[2020-06-08 15:43:45,661] {scheduler_job.py:1562} INFO - Processing file /home/isaias/airflow/dags/cron.py for tasks to queue
[2020-06-08 15:43:45,661] {logging_mixin.py:112} INFO - [2020-06-08 15:43:45,661] {dagbag.py:396} INFO - Filling up the DagBag from /home/isaias/airflow/dags/cron.py
[2020-06-08 15:43:45,665] {scheduler_job.py:1574} INFO - DAG(s) dict_keys(['python_test']) retrieved from /home/isaias/airflow/dags/cron.py
[2020-06-08 15:43:45,834] {scheduler_job.py:1284} INFO - Processing python_test
[2020-06-08 15:43:45,841] {scheduler_job.py:447} INFO - Skipping SLA check for <DAG: python_test> because no tasks in DAG have SLAs
[2020-06-08 15:43:45,844] {scheduler_job.py:162} INFO - Processing /home/isaias/airflow/dags/cron.py took 0.187 seconds
[2020-06-08 15:44:37,710] {scheduler_job.py:154} INFO - Started process (PID=18378) to work on /home/isaias/airflow/dags/cron.py
[2020-06-08 15:44:37,713] {scheduler_job.py:1562} INFO - Processing file /home/isaias/airflow/dags/cron.py for tasks to queue
[2020-06-08 15:44:37,714] {logging_mixin.py:112} INFO - [2020-06-08 15:44:37,713] {dagbag.py:396} INFO - Filling up the DagBag from /home/isaias/airflow/dags/cron.py
[2020-06-08 15:44:37,721] {scheduler_job.py:1574} INFO - DAG(s) dict_keys(['python_test']) retrieved from /home/isaias/airflow/dags/cron.py
[2020-06-08 15:44:37,961] {scheduler_job.py:1284} INFO - Processing python_test
[2020-06-08 15:44:37,970] {scheduler_job.py:447} INFO - Skipping SLA check for <DAG: python_test> because no tasks in DAG have SLAs
[2020-06-08 15:44:37,973] {scheduler_job.py:162} INFO - Processing /home/isaias/airflow/dags/cron.py took 0.262 seconds
[2020-06-08 15:45:29,765] {scheduler_job.py:154} INFO - Started process (PID=18488) to work on /home/isaias/airflow/dags/cron.py
[2020-06-08 15:45:29,767] {scheduler_job.py:1562} INFO - Processing file /home/isaias/airflow/dags/cron.py for tasks to queue
[2020-06-08 15:45:29,767] {logging_mixin.py:112} INFO - [2020-06-08 15:45:29,767] {dagbag.py:396} INFO - Filling up the DagBag from /home/isaias/airflow/dags/cron.py
[2020-06-08 15:45:29,772] {scheduler_job.py:1574} INFO - DAG(s) dict_keys(['python_test']) retrieved from /home/isaias/airflow/dags/cron.py
[2020-06-08 15:45:30,104] {scheduler_job.py:1284} INFO - Processing python_test
[2020-06-08 15:45:30,120] {scheduler_job.py:447} INFO - Skipping SLA check for <DAG: python_test> because no tasks in DAG have SLAs
[2020-06-08 15:45:30,126] {scheduler_job.py:162} INFO - Processing /home/isaias/airflow/dags/cron.py took 0.361 seconds
[2020-06-08 15:46:21,830] {scheduler_job.py:154} INFO - Started process (PID=18552) to work on /home/isaias/airflow/dags/cron.py
[2020-06-08 15:46:21,834] {scheduler_job.py:1562} INFO - Processing file /home/isaias/airflow/dags/cron.py for tasks to queue
[2020-06-08 15:46:21,834] {logging_mixin.py:112} INFO - [2020-06-08 15:46:21,834] {dagbag.py:396} INFO - Filling up the DagBag from /home/isaias/airflow/dags/cron.py
[2020-06-08 15:46:21,840] {scheduler_job.py:1574} INFO - DAG(s) dict_keys(['python_test']) retrieved from /home/isaias/airflow/dags/cron.py
[2020-06-08 15:46:21,994] {scheduler_job.py:1284} INFO - Processing python_test
[2020-06-08 15:46:22,002] {scheduler_job.py:447} INFO - Skipping SLA check for <DAG: python_test> because no tasks in DAG have SLAs
[2020-06-08 15:46:22,005] {scheduler_job.py:162} INFO - Processing /home/isaias/airflow/dags/cron.py took 0.175 seconds
[2020-06-08 15:47:13,885] {scheduler_job.py:154} INFO - Started process (PID=18672) to work on /home/isaias/airflow/dags/cron.py
[2020-06-08 15:47:13,887] {scheduler_job.py:1562} INFO - Processing file /home/isaias/airflow/dags/cron.py for tasks to queue
[2020-06-08 15:47:13,887] {logging_mixin.py:112} INFO - [2020-06-08 15:47:13,887] {dagbag.py:396} INFO - Filling up the DagBag from /home/isaias/airflow/dags/cron.py
[2020-06-08 15:47:13,892] {scheduler_job.py:1574} INFO - DAG(s) dict_keys(['python_test']) retrieved from /home/isaias/airflow/dags/cron.py
[2020-06-08 15:47:14,035] {scheduler_job.py:1284} INFO - Processing python_test
[2020-06-08 15:47:14,043] {scheduler_job.py:447} INFO - Skipping SLA check for <DAG: python_test> because no tasks in DAG have SLAs
[2020-06-08 15:47:14,046] {scheduler_job.py:162} INFO - Processing /home/isaias/airflow/dags/cron.py took 0.161 seconds
[2020-06-08 15:48:05,931] {scheduler_job.py:154} INFO - Started process (PID=18731) to work on /home/isaias/airflow/dags/cron.py
[2020-06-08 15:48:05,933] {scheduler_job.py:1562} INFO - Processing file /home/isaias/airflow/dags/cron.py for tasks to queue
[2020-06-08 15:48:05,934] {logging_mixin.py:112} INFO - [2020-06-08 15:48:05,934] {dagbag.py:396} INFO - Filling up the DagBag from /home/isaias/airflow/dags/cron.py
[2020-06-08 15:48:05,940] {scheduler_job.py:1574} INFO - DAG(s) dict_keys(['python_test']) retrieved from /home/isaias/airflow/dags/cron.py
[2020-06-08 15:48:06,334] {scheduler_job.py:1284} INFO - Processing python_test
[2020-06-08 15:48:06,346] {scheduler_job.py:447} INFO - Skipping SLA check for <DAG: python_test> because no tasks in DAG have SLAs
[2020-06-08 15:48:06,349] {scheduler_job.py:162} INFO - Processing /home/isaias/airflow/dags/cron.py took 0.417 seconds
[2020-06-08 15:48:57,992] {scheduler_job.py:154} INFO - Started process (PID=18832) to work on /home/isaias/airflow/dags/cron.py
[2020-06-08 15:48:57,997] {scheduler_job.py:1562} INFO - Processing file /home/isaias/airflow/dags/cron.py for tasks to queue
[2020-06-08 15:48:57,997] {logging_mixin.py:112} INFO - [2020-06-08 15:48:57,997] {dagbag.py:396} INFO - Filling up the DagBag from /home/isaias/airflow/dags/cron.py
[2020-06-08 15:48:58,002] {scheduler_job.py:1574} INFO - DAG(s) dict_keys(['python_test']) retrieved from /home/isaias/airflow/dags/cron.py
[2020-06-08 15:48:58,175] {scheduler_job.py:1284} INFO - Processing python_test
[2020-06-08 15:48:58,184] {scheduler_job.py:447} INFO - Skipping SLA check for <DAG: python_test> because no tasks in DAG have SLAs
[2020-06-08 15:48:58,192] {scheduler_job.py:162} INFO - Processing /home/isaias/airflow/dags/cron.py took 0.200 seconds
[2020-06-08 15:49:50,042] {scheduler_job.py:154} INFO - Started process (PID=18922) to work on /home/isaias/airflow/dags/cron.py
[2020-06-08 15:49:50,045] {scheduler_job.py:1562} INFO - Processing file /home/isaias/airflow/dags/cron.py for tasks to queue
[2020-06-08 15:49:50,046] {logging_mixin.py:112} INFO - [2020-06-08 15:49:50,046] {dagbag.py:396} INFO - Filling up the DagBag from /home/isaias/airflow/dags/cron.py
[2020-06-08 15:49:50,050] {scheduler_job.py:1574} INFO - DAG(s) dict_keys(['python_test']) retrieved from /home/isaias/airflow/dags/cron.py
[2020-06-08 15:49:50,211] {scheduler_job.py:1284} INFO - Processing python_test
[2020-06-08 15:49:50,218] {scheduler_job.py:447} INFO - Skipping SLA check for <DAG: python_test> because no tasks in DAG have SLAs
[2020-06-08 15:49:50,220] {scheduler_job.py:162} INFO - Processing /home/isaias/airflow/dags/cron.py took 0.178 seconds
[2020-06-08 15:50:42,097] {scheduler_job.py:154} INFO - Started process (PID=19026) to work on /home/isaias/airflow/dags/cron.py
[2020-06-08 15:50:42,099] {scheduler_job.py:1562} INFO - Processing file /home/isaias/airflow/dags/cron.py for tasks to queue
[2020-06-08 15:50:42,099] {logging_mixin.py:112} INFO - [2020-06-08 15:50:42,099] {dagbag.py:396} INFO - Filling up the DagBag from /home/isaias/airflow/dags/cron.py
[2020-06-08 15:50:42,104] {scheduler_job.py:1574} INFO - DAG(s) dict_keys(['python_test']) retrieved from /home/isaias/airflow/dags/cron.py
[2020-06-08 15:50:42,495] {scheduler_job.py:1284} INFO - Processing python_test
[2020-06-08 15:50:42,502] {scheduler_job.py:447} INFO - Skipping SLA check for <DAG: python_test> because no tasks in DAG have SLAs
[2020-06-08 15:50:42,505] {scheduler_job.py:162} INFO - Processing /home/isaias/airflow/dags/cron.py took 0.408 seconds
[2020-06-08 15:51:34,153] {scheduler_job.py:154} INFO - Started process (PID=19125) to work on /home/isaias/airflow/dags/cron.py
[2020-06-08 15:51:34,155] {scheduler_job.py:1562} INFO - Processing file /home/isaias/airflow/dags/cron.py for tasks to queue
[2020-06-08 15:51:34,155] {logging_mixin.py:112} INFO - [2020-06-08 15:51:34,155] {dagbag.py:396} INFO - Filling up the DagBag from /home/isaias/airflow/dags/cron.py
[2020-06-08 15:51:34,160] {scheduler_job.py:1574} INFO - DAG(s) dict_keys(['python_test']) retrieved from /home/isaias/airflow/dags/cron.py
[2020-06-08 15:51:34,320] {scheduler_job.py:1284} INFO - Processing python_test
[2020-06-08 15:51:34,330] {scheduler_job.py:447} INFO - Skipping SLA check for <DAG: python_test> because no tasks in DAG have SLAs
[2020-06-08 15:51:34,334] {scheduler_job.py:162} INFO - Processing /home/isaias/airflow/dags/cron.py took 0.181 seconds
[2020-06-08 15:52:26,201] {scheduler_job.py:154} INFO - Started process (PID=19184) to work on /home/isaias/airflow/dags/cron.py
[2020-06-08 15:52:26,203] {scheduler_job.py:1562} INFO - Processing file /home/isaias/airflow/dags/cron.py for tasks to queue
[2020-06-08 15:52:26,203] {logging_mixin.py:112} INFO - [2020-06-08 15:52:26,203] {dagbag.py:396} INFO - Filling up the DagBag from /home/isaias/airflow/dags/cron.py
[2020-06-08 15:52:26,207] {scheduler_job.py:1574} INFO - DAG(s) dict_keys(['python_test']) retrieved from /home/isaias/airflow/dags/cron.py
[2020-06-08 15:52:26,401] {scheduler_job.py:1284} INFO - Processing python_test
[2020-06-08 15:52:26,408] {scheduler_job.py:447} INFO - Skipping SLA check for <DAG: python_test> because no tasks in DAG have SLAs
[2020-06-08 15:52:26,411] {scheduler_job.py:162} INFO - Processing /home/isaias/airflow/dags/cron.py took 0.210 seconds
[2020-06-08 15:53:18,261] {scheduler_job.py:154} INFO - Started process (PID=19322) to work on /home/isaias/airflow/dags/cron.py
[2020-06-08 15:53:18,263] {scheduler_job.py:1562} INFO - Processing file /home/isaias/airflow/dags/cron.py for tasks to queue
[2020-06-08 15:53:18,263] {logging_mixin.py:112} INFO - [2020-06-08 15:53:18,263] {dagbag.py:396} INFO - Filling up the DagBag from /home/isaias/airflow/dags/cron.py
[2020-06-08 15:53:18,269] {scheduler_job.py:1574} INFO - DAG(s) dict_keys(['python_test']) retrieved from /home/isaias/airflow/dags/cron.py
[2020-06-08 15:53:18,619] {scheduler_job.py:1284} INFO - Processing python_test
[2020-06-08 15:53:18,626] {scheduler_job.py:447} INFO - Skipping SLA check for <DAG: python_test> because no tasks in DAG have SLAs
[2020-06-08 15:53:18,629] {scheduler_job.py:162} INFO - Processing /home/isaias/airflow/dags/cron.py took 0.368 seconds
[2020-06-08 15:54:10,317] {scheduler_job.py:154} INFO - Started process (PID=19379) to work on /home/isaias/airflow/dags/cron.py
[2020-06-08 15:54:10,319] {scheduler_job.py:1562} INFO - Processing file /home/isaias/airflow/dags/cron.py for tasks to queue
[2020-06-08 15:54:10,320] {logging_mixin.py:112} INFO - [2020-06-08 15:54:10,320] {dagbag.py:396} INFO - Filling up the DagBag from /home/isaias/airflow/dags/cron.py
[2020-06-08 15:54:10,325] {scheduler_job.py:1574} INFO - DAG(s) dict_keys(['python_test']) retrieved from /home/isaias/airflow/dags/cron.py
[2020-06-08 15:54:10,499] {scheduler_job.py:1284} INFO - Processing python_test
[2020-06-08 15:54:10,506] {scheduler_job.py:447} INFO - Skipping SLA check for <DAG: python_test> because no tasks in DAG have SLAs
[2020-06-08 15:54:10,509] {scheduler_job.py:162} INFO - Processing /home/isaias/airflow/dags/cron.py took 0.192 seconds
[2020-06-08 15:55:02,372] {scheduler_job.py:154} INFO - Started process (PID=19442) to work on /home/isaias/airflow/dags/cron.py
[2020-06-08 15:55:02,375] {scheduler_job.py:1562} INFO - Processing file /home/isaias/airflow/dags/cron.py for tasks to queue
[2020-06-08 15:55:02,375] {logging_mixin.py:112} INFO - [2020-06-08 15:55:02,375] {dagbag.py:396} INFO - Filling up the DagBag from /home/isaias/airflow/dags/cron.py
[2020-06-08 15:55:02,382] {scheduler_job.py:1574} INFO - DAG(s) dict_keys(['python_test']) retrieved from /home/isaias/airflow/dags/cron.py
[2020-06-08 15:55:02,537] {scheduler_job.py:1284} INFO - Processing python_test
[2020-06-08 15:55:02,546] {scheduler_job.py:447} INFO - Skipping SLA check for <DAG: python_test> because no tasks in DAG have SLAs
[2020-06-08 15:55:02,551] {scheduler_job.py:162} INFO - Processing /home/isaias/airflow/dags/cron.py took 0.179 seconds
[2020-06-08 15:55:54,429] {scheduler_job.py:154} INFO - Started process (PID=19514) to work on /home/isaias/airflow/dags/cron.py
[2020-06-08 15:55:54,432] {scheduler_job.py:1562} INFO - Processing file /home/isaias/airflow/dags/cron.py for tasks to queue
[2020-06-08 15:55:54,432] {logging_mixin.py:112} INFO - [2020-06-08 15:55:54,432] {dagbag.py:396} INFO - Filling up the DagBag from /home/isaias/airflow/dags/cron.py
[2020-06-08 15:55:54,437] {scheduler_job.py:1574} INFO - DAG(s) dict_keys(['python_test']) retrieved from /home/isaias/airflow/dags/cron.py
[2020-06-08 15:55:54,753] {scheduler_job.py:1284} INFO - Processing python_test
[2020-06-08 15:55:54,761] {scheduler_job.py:447} INFO - Skipping SLA check for <DAG: python_test> because no tasks in DAG have SLAs
[2020-06-08 15:55:54,764] {scheduler_job.py:162} INFO - Processing /home/isaias/airflow/dags/cron.py took 0.334 seconds
[2020-06-08 15:56:46,486] {scheduler_job.py:154} INFO - Started process (PID=19567) to work on /home/isaias/airflow/dags/cron.py
[2020-06-08 15:56:46,488] {scheduler_job.py:1562} INFO - Processing file /home/isaias/airflow/dags/cron.py for tasks to queue
[2020-06-08 15:56:46,488] {logging_mixin.py:112} INFO - [2020-06-08 15:56:46,488] {dagbag.py:396} INFO - Filling up the DagBag from /home/isaias/airflow/dags/cron.py
[2020-06-08 15:56:46,493] {scheduler_job.py:1574} INFO - DAG(s) dict_keys(['python_test']) retrieved from /home/isaias/airflow/dags/cron.py
[2020-06-08 15:56:46,674] {scheduler_job.py:1284} INFO - Processing python_test
[2020-06-08 15:56:46,681] {scheduler_job.py:447} INFO - Skipping SLA check for <DAG: python_test> because no tasks in DAG have SLAs
[2020-06-08 15:56:46,684] {scheduler_job.py:162} INFO - Processing /home/isaias/airflow/dags/cron.py took 0.198 seconds
[2020-06-08 15:57:38,540] {scheduler_job.py:154} INFO - Started process (PID=19621) to work on /home/isaias/airflow/dags/cron.py
[2020-06-08 15:57:38,544] {scheduler_job.py:1562} INFO - Processing file /home/isaias/airflow/dags/cron.py for tasks to queue
[2020-06-08 15:57:38,545] {logging_mixin.py:112} INFO - [2020-06-08 15:57:38,545] {dagbag.py:396} INFO - Filling up the DagBag from /home/isaias/airflow/dags/cron.py
[2020-06-08 15:57:38,554] {scheduler_job.py:1574} INFO - DAG(s) dict_keys(['python_test']) retrieved from /home/isaias/airflow/dags/cron.py
[2020-06-08 15:57:38,709] {scheduler_job.py:1284} INFO - Processing python_test
[2020-06-08 15:57:38,716] {scheduler_job.py:447} INFO - Skipping SLA check for <DAG: python_test> because no tasks in DAG have SLAs
[2020-06-08 15:57:38,719] {scheduler_job.py:162} INFO - Processing /home/isaias/airflow/dags/cron.py took 0.179 seconds
[2020-06-08 15:58:30,594] {scheduler_job.py:154} INFO - Started process (PID=19675) to work on /home/isaias/airflow/dags/cron.py
[2020-06-08 15:58:30,597] {scheduler_job.py:1562} INFO - Processing file /home/isaias/airflow/dags/cron.py for tasks to queue
[2020-06-08 15:58:30,598] {logging_mixin.py:112} INFO - [2020-06-08 15:58:30,598] {dagbag.py:396} INFO - Filling up the DagBag from /home/isaias/airflow/dags/cron.py
[2020-06-08 15:58:30,603] {scheduler_job.py:1574} INFO - DAG(s) dict_keys(['python_test']) retrieved from /home/isaias/airflow/dags/cron.py
[2020-06-08 15:58:30,948] {scheduler_job.py:1284} INFO - Processing python_test
[2020-06-08 15:58:30,958] {scheduler_job.py:447} INFO - Skipping SLA check for <DAG: python_test> because no tasks in DAG have SLAs
[2020-06-08 15:58:30,961] {scheduler_job.py:162} INFO - Processing /home/isaias/airflow/dags/cron.py took 0.367 seconds
[2020-06-08 15:59:22,648] {scheduler_job.py:154} INFO - Started process (PID=19730) to work on /home/isaias/airflow/dags/cron.py
[2020-06-08 15:59:22,651] {scheduler_job.py:1562} INFO - Processing file /home/isaias/airflow/dags/cron.py for tasks to queue
[2020-06-08 15:59:22,652] {logging_mixin.py:112} INFO - [2020-06-08 15:59:22,652] {dagbag.py:396} INFO - Filling up the DagBag from /home/isaias/airflow/dags/cron.py
[2020-06-08 15:59:22,659] {scheduler_job.py:1574} INFO - DAG(s) dict_keys(['python_test']) retrieved from /home/isaias/airflow/dags/cron.py
[2020-06-08 15:59:22,802] {scheduler_job.py:1284} INFO - Processing python_test
[2020-06-08 15:59:22,811] {scheduler_job.py:447} INFO - Skipping SLA check for <DAG: python_test> because no tasks in DAG have SLAs
[2020-06-08 15:59:22,815] {scheduler_job.py:162} INFO - Processing /home/isaias/airflow/dags/cron.py took 0.167 seconds
[2020-06-08 16:00:14,702] {scheduler_job.py:154} INFO - Started process (PID=19834) to work on /home/isaias/airflow/dags/cron.py
[2020-06-08 16:00:14,705] {scheduler_job.py:1562} INFO - Processing file /home/isaias/airflow/dags/cron.py for tasks to queue
[2020-06-08 16:00:14,706] {logging_mixin.py:112} INFO - [2020-06-08 16:00:14,706] {dagbag.py:396} INFO - Filling up the DagBag from /home/isaias/airflow/dags/cron.py
[2020-06-08 16:00:14,713] {scheduler_job.py:1574} INFO - DAG(s) dict_keys(['python_test']) retrieved from /home/isaias/airflow/dags/cron.py
[2020-06-08 16:00:14,896] {scheduler_job.py:1284} INFO - Processing python_test
[2020-06-08 16:00:14,903] {scheduler_job.py:447} INFO - Skipping SLA check for <DAG: python_test> because no tasks in DAG have SLAs
[2020-06-08 16:00:14,906] {scheduler_job.py:162} INFO - Processing /home/isaias/airflow/dags/cron.py took 0.204 seconds
[2020-06-08 16:01:06,755] {scheduler_job.py:154} INFO - Started process (PID=19889) to work on /home/isaias/airflow/dags/cron.py
[2020-06-08 16:01:06,757] {scheduler_job.py:1562} INFO - Processing file /home/isaias/airflow/dags/cron.py for tasks to queue
[2020-06-08 16:01:06,757] {logging_mixin.py:112} INFO - [2020-06-08 16:01:06,757] {dagbag.py:396} INFO - Filling up the DagBag from /home/isaias/airflow/dags/cron.py
[2020-06-08 16:01:06,762] {scheduler_job.py:1574} INFO - DAG(s) dict_keys(['python_test']) retrieved from /home/isaias/airflow/dags/cron.py
[2020-06-08 16:01:07,081] {scheduler_job.py:1284} INFO - Processing python_test
[2020-06-08 16:01:07,097] {scheduler_job.py:447} INFO - Skipping SLA check for <DAG: python_test> because no tasks in DAG have SLAs
[2020-06-08 16:01:07,102] {scheduler_job.py:162} INFO - Processing /home/isaias/airflow/dags/cron.py took 0.347 seconds
[2020-06-08 16:01:58,814] {scheduler_job.py:154} INFO - Started process (PID=19937) to work on /home/isaias/airflow/dags/cron.py
[2020-06-08 16:01:58,818] {scheduler_job.py:1562} INFO - Processing file /home/isaias/airflow/dags/cron.py for tasks to queue
[2020-06-08 16:01:58,818] {logging_mixin.py:112} INFO - [2020-06-08 16:01:58,818] {dagbag.py:396} INFO - Filling up the DagBag from /home/isaias/airflow/dags/cron.py
[2020-06-08 16:01:58,825] {scheduler_job.py:1574} INFO - DAG(s) dict_keys(['python_test']) retrieved from /home/isaias/airflow/dags/cron.py
[2020-06-08 16:01:58,971] {scheduler_job.py:1284} INFO - Processing python_test
[2020-06-08 16:01:58,977] {scheduler_job.py:447} INFO - Skipping SLA check for <DAG: python_test> because no tasks in DAG have SLAs
[2020-06-08 16:01:58,980] {scheduler_job.py:162} INFO - Processing /home/isaias/airflow/dags/cron.py took 0.166 seconds
[2020-06-08 16:02:50,867] {scheduler_job.py:154} INFO - Started process (PID=19991) to work on /home/isaias/airflow/dags/cron.py
[2020-06-08 16:02:50,871] {scheduler_job.py:1562} INFO - Processing file /home/isaias/airflow/dags/cron.py for tasks to queue
[2020-06-08 16:02:50,871] {logging_mixin.py:112} INFO - [2020-06-08 16:02:50,871] {dagbag.py:396} INFO - Filling up the DagBag from /home/isaias/airflow/dags/cron.py
[2020-06-08 16:02:50,877] {logging_mixin.py:112} INFO - [2020-06-08 16:02:50,876] {dagbag.py:239} ERROR - Failed to import: /home/isaias/airflow/dags/cron.py
Traceback (most recent call last):
  File "/home/isaias/anaconda3/envs/cmpc/lib/python3.6/site-packages/airflow/models/dagbag.py", line 236, in process_file
    m = imp.load_source(mod_name, filepath)
  File "/home/isaias/anaconda3/envs/cmpc/lib/python3.6/imp.py", line 172, in load_source
    module = _load(spec)
  File "<frozen importlib._bootstrap>", line 684, in _load
  File "<frozen importlib._bootstrap>", line 665, in _load_unlocked
  File "<frozen importlib._bootstrap_external>", line 678, in exec_module
  File "<frozen importlib._bootstrap>", line 219, in _call_with_frames_removed
  File "/home/isaias/airflow/dags/cron.py", line 79, in <module>
    python_callable=check_change,
NameError: name 'check_change' is not defined
[2020-06-08 16:02:50,877] {scheduler_job.py:1576} WARNING - No viable dags retrieved from /home/isaias/airflow/dags/cron.py
[2020-06-08 16:02:51,004] {scheduler_job.py:162} INFO - Processing /home/isaias/airflow/dags/cron.py took 0.137 seconds
[2020-06-08 16:03:43,117] {scheduler_job.py:154} INFO - Started process (PID=20049) to work on /home/isaias/airflow/dags/cron.py
[2020-06-08 16:03:43,120] {scheduler_job.py:1562} INFO - Processing file /home/isaias/airflow/dags/cron.py for tasks to queue
[2020-06-08 16:03:43,121] {logging_mixin.py:112} INFO - [2020-06-08 16:03:43,120] {dagbag.py:396} INFO - Filling up the DagBag from /home/isaias/airflow/dags/cron.py
[2020-06-08 16:03:43,128] {logging_mixin.py:112} INFO - [2020-06-08 16:03:43,127] {dagbag.py:239} ERROR - Failed to import: /home/isaias/airflow/dags/cron.py
Traceback (most recent call last):
  File "/home/isaias/anaconda3/envs/cmpc/lib/python3.6/site-packages/airflow/models/dagbag.py", line 236, in process_file
    m = imp.load_source(mod_name, filepath)
  File "/home/isaias/anaconda3/envs/cmpc/lib/python3.6/imp.py", line 172, in load_source
    module = _load(spec)
  File "<frozen importlib._bootstrap>", line 684, in _load
  File "<frozen importlib._bootstrap>", line 665, in _load_unlocked
  File "<frozen importlib._bootstrap_external>", line 678, in exec_module
  File "<frozen importlib._bootstrap>", line 219, in _call_with_frames_removed
  File "/home/isaias/airflow/dags/cron.py", line 79, in <module>
    python_callable=check_change,
NameError: name 'check_change' is not defined
[2020-06-08 16:03:43,128] {scheduler_job.py:1576} WARNING - No viable dags retrieved from /home/isaias/airflow/dags/cron.py
[2020-06-08 16:03:43,247] {scheduler_job.py:162} INFO - Processing /home/isaias/airflow/dags/cron.py took 0.130 seconds
[2020-06-08 16:04:34,984] {scheduler_job.py:154} INFO - Started process (PID=20123) to work on /home/isaias/airflow/dags/cron.py
[2020-06-08 16:04:34,987] {scheduler_job.py:1562} INFO - Processing file /home/isaias/airflow/dags/cron.py for tasks to queue
[2020-06-08 16:04:34,988] {logging_mixin.py:112} INFO - [2020-06-08 16:04:34,988] {dagbag.py:396} INFO - Filling up the DagBag from /home/isaias/airflow/dags/cron.py
[2020-06-08 16:04:34,994] {logging_mixin.py:112} INFO - [2020-06-08 16:04:34,993] {dagbag.py:239} ERROR - Failed to import: /home/isaias/airflow/dags/cron.py
Traceback (most recent call last):
  File "/home/isaias/anaconda3/envs/cmpc/lib/python3.6/site-packages/airflow/models/dagbag.py", line 236, in process_file
    m = imp.load_source(mod_name, filepath)
  File "/home/isaias/anaconda3/envs/cmpc/lib/python3.6/imp.py", line 172, in load_source
    module = _load(spec)
  File "<frozen importlib._bootstrap>", line 684, in _load
  File "<frozen importlib._bootstrap>", line 665, in _load_unlocked
  File "<frozen importlib._bootstrap_external>", line 678, in exec_module
  File "<frozen importlib._bootstrap>", line 219, in _call_with_frames_removed
  File "/home/isaias/airflow/dags/cron.py", line 79, in <module>
    python_callable=check_change,
NameError: name 'check_change' is not defined
[2020-06-08 16:04:34,994] {scheduler_job.py:1576} WARNING - No viable dags retrieved from /home/isaias/airflow/dags/cron.py
[2020-06-08 16:04:35,124] {scheduler_job.py:162} INFO - Processing /home/isaias/airflow/dags/cron.py took 0.141 seconds
[2020-06-08 16:05:27,042] {scheduler_job.py:154} INFO - Started process (PID=20194) to work on /home/isaias/airflow/dags/cron.py
[2020-06-08 16:05:27,044] {scheduler_job.py:1562} INFO - Processing file /home/isaias/airflow/dags/cron.py for tasks to queue
[2020-06-08 16:05:27,044] {logging_mixin.py:112} INFO - [2020-06-08 16:05:27,044] {dagbag.py:396} INFO - Filling up the DagBag from /home/isaias/airflow/dags/cron.py
[2020-06-08 16:05:27,049] {logging_mixin.py:112} INFO - [2020-06-08 16:05:27,048] {dagbag.py:239} ERROR - Failed to import: /home/isaias/airflow/dags/cron.py
Traceback (most recent call last):
  File "/home/isaias/anaconda3/envs/cmpc/lib/python3.6/site-packages/airflow/models/dagbag.py", line 236, in process_file
    m = imp.load_source(mod_name, filepath)
  File "/home/isaias/anaconda3/envs/cmpc/lib/python3.6/imp.py", line 172, in load_source
    module = _load(spec)
  File "<frozen importlib._bootstrap>", line 684, in _load
  File "<frozen importlib._bootstrap>", line 665, in _load_unlocked
  File "<frozen importlib._bootstrap_external>", line 678, in exec_module
  File "<frozen importlib._bootstrap>", line 219, in _call_with_frames_removed
  File "/home/isaias/airflow/dags/cron.py", line 84, in <module>
    python_callable=check_change,
NameError: name 'check_change' is not defined
[2020-06-08 16:05:27,049] {scheduler_job.py:1576} WARNING - No viable dags retrieved from /home/isaias/airflow/dags/cron.py
[2020-06-08 16:05:27,157] {scheduler_job.py:162} INFO - Processing /home/isaias/airflow/dags/cron.py took 0.115 seconds
[2020-06-08 16:06:19,099] {scheduler_job.py:154} INFO - Started process (PID=20238) to work on /home/isaias/airflow/dags/cron.py
[2020-06-08 16:06:19,100] {scheduler_job.py:1562} INFO - Processing file /home/isaias/airflow/dags/cron.py for tasks to queue
[2020-06-08 16:06:19,101] {logging_mixin.py:112} INFO - [2020-06-08 16:06:19,101] {dagbag.py:396} INFO - Filling up the DagBag from /home/isaias/airflow/dags/cron.py
[2020-06-08 16:06:19,106] {logging_mixin.py:112} INFO - [2020-06-08 16:06:19,104] {dagbag.py:239} ERROR - Failed to import: /home/isaias/airflow/dags/cron.py
Traceback (most recent call last):
  File "/home/isaias/anaconda3/envs/cmpc/lib/python3.6/site-packages/airflow/models/dagbag.py", line 236, in process_file
    m = imp.load_source(mod_name, filepath)
  File "/home/isaias/anaconda3/envs/cmpc/lib/python3.6/imp.py", line 172, in load_source
    module = _load(spec)
  File "<frozen importlib._bootstrap>", line 684, in _load
  File "<frozen importlib._bootstrap>", line 665, in _load_unlocked
  File "<frozen importlib._bootstrap_external>", line 678, in exec_module
  File "<frozen importlib._bootstrap>", line 219, in _call_with_frames_removed
  File "/home/isaias/airflow/dags/cron.py", line 84, in <module>
    python_callable=check_change,
NameError: name 'check_change' is not defined
[2020-06-08 16:06:19,106] {scheduler_job.py:1576} WARNING - No viable dags retrieved from /home/isaias/airflow/dags/cron.py
[2020-06-08 16:06:19,468] {scheduler_job.py:162} INFO - Processing /home/isaias/airflow/dags/cron.py took 0.369 seconds
[2020-06-08 16:07:11,153] {scheduler_job.py:154} INFO - Started process (PID=20305) to work on /home/isaias/airflow/dags/cron.py
[2020-06-08 16:07:11,156] {scheduler_job.py:1562} INFO - Processing file /home/isaias/airflow/dags/cron.py for tasks to queue
[2020-06-08 16:07:11,156] {logging_mixin.py:112} INFO - [2020-06-08 16:07:11,156] {dagbag.py:396} INFO - Filling up the DagBag from /home/isaias/airflow/dags/cron.py
[2020-06-08 16:07:11,162] {scheduler_job.py:1574} INFO - DAG(s) dict_keys(['generator']) retrieved from /home/isaias/airflow/dags/cron.py
[2020-06-08 16:07:11,168] {logging_mixin.py:112} INFO - [2020-06-08 16:07:11,168] {dag.py:1501} INFO - Creating ORM DAG for generator
[2020-06-08 16:07:11,379] {scheduler_job.py:162} INFO - Processing /home/isaias/airflow/dags/cron.py took 0.226 seconds
[2020-06-08 16:08:03,211] {scheduler_job.py:154} INFO - Started process (PID=20380) to work on /home/isaias/airflow/dags/cron.py
[2020-06-08 16:08:03,214] {scheduler_job.py:1562} INFO - Processing file /home/isaias/airflow/dags/cron.py for tasks to queue
[2020-06-08 16:08:03,215] {logging_mixin.py:112} INFO - [2020-06-08 16:08:03,215] {dagbag.py:396} INFO - Filling up the DagBag from /home/isaias/airflow/dags/cron.py
[2020-06-08 16:08:03,216] {scheduler_job.py:1576} WARNING - No viable dags retrieved from /home/isaias/airflow/dags/cron.py
[2020-06-08 16:08:03,217] {scheduler_job.py:162} INFO - Processing /home/isaias/airflow/dags/cron.py took 0.006 seconds
[2020-06-08 16:08:55,268] {scheduler_job.py:154} INFO - Started process (PID=20455) to work on /home/isaias/airflow/dags/cron.py
[2020-06-08 16:08:55,271] {scheduler_job.py:1562} INFO - Processing file /home/isaias/airflow/dags/cron.py for tasks to queue
[2020-06-08 16:08:55,271] {logging_mixin.py:112} INFO - [2020-06-08 16:08:55,271] {dagbag.py:396} INFO - Filling up the DagBag from /home/isaias/airflow/dags/cron.py
[2020-06-08 16:08:55,272] {scheduler_job.py:1576} WARNING - No viable dags retrieved from /home/isaias/airflow/dags/cron.py
[2020-06-08 16:08:55,272] {scheduler_job.py:162} INFO - Processing /home/isaias/airflow/dags/cron.py took 0.004 seconds
[2020-06-08 16:09:47,329] {scheduler_job.py:154} INFO - Started process (PID=20769) to work on /home/isaias/airflow/dags/cron.py
[2020-06-08 16:09:47,333] {scheduler_job.py:1562} INFO - Processing file /home/isaias/airflow/dags/cron.py for tasks to queue
[2020-06-08 16:09:47,334] {logging_mixin.py:112} INFO - [2020-06-08 16:09:47,334] {dagbag.py:396} INFO - Filling up the DagBag from /home/isaias/airflow/dags/cron.py
[2020-06-08 16:09:47,335] {scheduler_job.py:1576} WARNING - No viable dags retrieved from /home/isaias/airflow/dags/cron.py
[2020-06-08 16:09:47,335] {scheduler_job.py:162} INFO - Processing /home/isaias/airflow/dags/cron.py took 0.006 seconds
[2020-06-08 16:10:39,383] {scheduler_job.py:154} INFO - Started process (PID=20818) to work on /home/isaias/airflow/dags/cron.py
[2020-06-08 16:10:39,386] {scheduler_job.py:1562} INFO - Processing file /home/isaias/airflow/dags/cron.py for tasks to queue
[2020-06-08 16:10:39,386] {logging_mixin.py:112} INFO - [2020-06-08 16:10:39,386] {dagbag.py:396} INFO - Filling up the DagBag from /home/isaias/airflow/dags/cron.py
[2020-06-08 16:10:39,388] {scheduler_job.py:1576} WARNING - No viable dags retrieved from /home/isaias/airflow/dags/cron.py
[2020-06-08 16:10:39,388] {scheduler_job.py:162} INFO - Processing /home/isaias/airflow/dags/cron.py took 0.005 seconds
