[2020-06-03 17:22:06,618] {taskinstance.py:669} INFO - Dependencies all met for <TaskInstance: tutorial.templated 2015-06-03T00:00:00+00:00 [queued]>
[2020-06-03 17:22:06,628] {taskinstance.py:669} INFO - Dependencies all met for <TaskInstance: tutorial.templated 2015-06-03T00:00:00+00:00 [queued]>
[2020-06-03 17:22:06,628] {taskinstance.py:879} INFO - 
--------------------------------------------------------------------------------
[2020-06-03 17:22:06,628] {taskinstance.py:880} INFO - Starting attempt 1 of 2
[2020-06-03 17:22:06,628] {taskinstance.py:881} INFO - 
--------------------------------------------------------------------------------
[2020-06-03 17:22:06,814] {taskinstance.py:900} INFO - Executing <Task(BashOperator): templated> on 2015-06-03T00:00:00+00:00
[2020-06-03 17:22:06,816] {standard_task_runner.py:53} INFO - Started process 1068 to run task
[2020-06-03 17:22:07,015] {logging_mixin.py:112} INFO - Running %s on host %s <TaskInstance: tutorial.templated 2015-06-03T00:00:00+00:00 [running]> strx
[2020-06-03 17:22:07,028] {bash_operator.py:82} INFO - Tmp dir root location: 
 /tmp
[2020-06-03 17:22:07,029] {bash_operator.py:105} INFO - Temporary script location: /tmp/airflowtmp20knxm_m/templatedopg71ckg
[2020-06-03 17:22:07,029] {bash_operator.py:115} INFO - Running command: 

    echo "2015-06-03"
    echo "2015-06-10"
    echo "Parameter I passed in"

    echo "2015-06-03"
    echo "2015-06-10"
    echo "Parameter I passed in"

    echo "2015-06-03"
    echo "2015-06-10"
    echo "Parameter I passed in"

    echo "2015-06-03"
    echo "2015-06-10"
    echo "Parameter I passed in"

    echo "2015-06-03"
    echo "2015-06-10"
    echo "Parameter I passed in"

[2020-06-03 17:22:07,034] {bash_operator.py:122} INFO - Output:
[2020-06-03 17:22:07,034] {bash_operator.py:126} INFO - 2015-06-03
[2020-06-03 17:22:07,034] {bash_operator.py:126} INFO - 2015-06-10
[2020-06-03 17:22:07,035] {bash_operator.py:126} INFO - Parameter I passed in
[2020-06-03 17:22:07,035] {bash_operator.py:126} INFO - 2015-06-03
[2020-06-03 17:22:07,035] {bash_operator.py:126} INFO - 2015-06-10
[2020-06-03 17:22:07,035] {bash_operator.py:126} INFO - Parameter I passed in
[2020-06-03 17:22:07,035] {bash_operator.py:126} INFO - 2015-06-03
[2020-06-03 17:22:07,035] {bash_operator.py:126} INFO - 2015-06-10
[2020-06-03 17:22:07,035] {bash_operator.py:126} INFO - Parameter I passed in
[2020-06-03 17:22:07,035] {bash_operator.py:126} INFO - 2015-06-03
[2020-06-03 17:22:07,035] {bash_operator.py:126} INFO - 2015-06-10
[2020-06-03 17:22:07,035] {bash_operator.py:126} INFO - Parameter I passed in
[2020-06-03 17:22:07,035] {bash_operator.py:126} INFO - 2015-06-03
[2020-06-03 17:22:07,035] {bash_operator.py:126} INFO - 2015-06-10
[2020-06-03 17:22:07,035] {bash_operator.py:126} INFO - Parameter I passed in
[2020-06-03 17:22:07,035] {bash_operator.py:130} INFO - Command exited with return code 0
[2020-06-03 17:22:07,042] {taskinstance.py:1065} INFO - Marking task as SUCCESS.dag_id=tutorial, task_id=templated, execution_date=20150603T000000, start_date=20200603T212206, end_date=20200603T212207
[2020-06-03 17:22:16,282] {logging_mixin.py:112} INFO - [2020-06-03 17:22:16,281] {local_task_job.py:103} INFO - Task exited with return code 0
