[2020-06-03 17:21:54,445] {taskinstance.py:669} INFO - Dependencies all met for <TaskInstance: tutorial.templated 2015-06-02T00:00:00+00:00 [queued]>
[2020-06-03 17:21:54,454] {taskinstance.py:669} INFO - Dependencies all met for <TaskInstance: tutorial.templated 2015-06-02T00:00:00+00:00 [queued]>
[2020-06-03 17:21:54,454] {taskinstance.py:879} INFO - 
--------------------------------------------------------------------------------
[2020-06-03 17:21:54,454] {taskinstance.py:880} INFO - Starting attempt 1 of 2
[2020-06-03 17:21:54,454] {taskinstance.py:881} INFO - 
--------------------------------------------------------------------------------
[2020-06-03 17:21:54,744] {taskinstance.py:900} INFO - Executing <Task(BashOperator): templated> on 2015-06-02T00:00:00+00:00
[2020-06-03 17:21:54,747] {standard_task_runner.py:53} INFO - Started process 1033 to run task
[2020-06-03 17:21:55,029] {logging_mixin.py:112} INFO - Running %s on host %s <TaskInstance: tutorial.templated 2015-06-02T00:00:00+00:00 [running]> strx
[2020-06-03 17:21:55,050] {bash_operator.py:82} INFO - Tmp dir root location: 
 /tmp
[2020-06-03 17:21:55,050] {bash_operator.py:105} INFO - Temporary script location: /tmp/airflowtmpzqcshh1d/templateden48xhp5
[2020-06-03 17:21:55,051] {bash_operator.py:115} INFO - Running command: 

    echo "2015-06-02"
    echo "2015-06-09"
    echo "Parameter I passed in"

    echo "2015-06-02"
    echo "2015-06-09"
    echo "Parameter I passed in"

    echo "2015-06-02"
    echo "2015-06-09"
    echo "Parameter I passed in"

    echo "2015-06-02"
    echo "2015-06-09"
    echo "Parameter I passed in"

    echo "2015-06-02"
    echo "2015-06-09"
    echo "Parameter I passed in"

[2020-06-03 17:21:55,056] {bash_operator.py:122} INFO - Output:
[2020-06-03 17:21:55,056] {bash_operator.py:126} INFO - 2015-06-02
[2020-06-03 17:21:55,056] {bash_operator.py:126} INFO - 2015-06-09
[2020-06-03 17:21:55,057] {bash_operator.py:126} INFO - Parameter I passed in
[2020-06-03 17:21:55,057] {bash_operator.py:126} INFO - 2015-06-02
[2020-06-03 17:21:55,057] {bash_operator.py:126} INFO - 2015-06-09
[2020-06-03 17:21:55,057] {bash_operator.py:126} INFO - Parameter I passed in
[2020-06-03 17:21:55,057] {bash_operator.py:126} INFO - 2015-06-02
[2020-06-03 17:21:55,057] {bash_operator.py:126} INFO - 2015-06-09
[2020-06-03 17:21:55,057] {bash_operator.py:126} INFO - Parameter I passed in
[2020-06-03 17:21:55,057] {bash_operator.py:126} INFO - 2015-06-02
[2020-06-03 17:21:55,057] {bash_operator.py:126} INFO - 2015-06-09
[2020-06-03 17:21:55,057] {bash_operator.py:126} INFO - Parameter I passed in
[2020-06-03 17:21:55,057] {bash_operator.py:126} INFO - 2015-06-02
[2020-06-03 17:21:55,057] {bash_operator.py:126} INFO - 2015-06-09
[2020-06-03 17:21:55,057] {bash_operator.py:126} INFO - Parameter I passed in
[2020-06-03 17:21:55,057] {bash_operator.py:130} INFO - Command exited with return code 0
[2020-06-03 17:21:55,063] {taskinstance.py:1065} INFO - Marking task as SUCCESS.dag_id=tutorial, task_id=templated, execution_date=20150602T000000, start_date=20200603T212154, end_date=20200603T212155
[2020-06-03 17:22:04,310] {logging_mixin.py:112} INFO - [2020-06-03 17:22:04,309] {local_task_job.py:103} INFO - Task exited with return code 0
