[2020-06-03 17:21:42,547] {taskinstance.py:669} INFO - Dependencies all met for <TaskInstance: tutorial.templated 2015-06-01T00:00:00+00:00 [queued]>
[2020-06-03 17:21:42,556] {taskinstance.py:669} INFO - Dependencies all met for <TaskInstance: tutorial.templated 2015-06-01T00:00:00+00:00 [queued]>
[2020-06-03 17:21:42,556] {taskinstance.py:879} INFO - 
--------------------------------------------------------------------------------
[2020-06-03 17:21:42,556] {taskinstance.py:880} INFO - Starting attempt 1 of 2
[2020-06-03 17:21:42,556] {taskinstance.py:881} INFO - 
--------------------------------------------------------------------------------
[2020-06-03 17:21:42,730] {taskinstance.py:900} INFO - Executing <Task(BashOperator): templated> on 2015-06-01T00:00:00+00:00
[2020-06-03 17:21:42,733] {standard_task_runner.py:53} INFO - Started process 1003 to run task
[2020-06-03 17:21:42,947] {logging_mixin.py:112} INFO - Running %s on host %s <TaskInstance: tutorial.templated 2015-06-01T00:00:00+00:00 [running]> strx
[2020-06-03 17:21:43,016] {bash_operator.py:82} INFO - Tmp dir root location: 
 /tmp
[2020-06-03 17:21:43,018] {bash_operator.py:105} INFO - Temporary script location: /tmp/airflowtmpighpm3yw/templatedz_8lb5f0
[2020-06-03 17:21:43,018] {bash_operator.py:115} INFO - Running command: 

    echo "2015-06-01"
    echo "2015-06-08"
    echo "Parameter I passed in"

    echo "2015-06-01"
    echo "2015-06-08"
    echo "Parameter I passed in"

    echo "2015-06-01"
    echo "2015-06-08"
    echo "Parameter I passed in"

    echo "2015-06-01"
    echo "2015-06-08"
    echo "Parameter I passed in"

    echo "2015-06-01"
    echo "2015-06-08"
    echo "Parameter I passed in"

[2020-06-03 17:21:43,027] {bash_operator.py:122} INFO - Output:
[2020-06-03 17:21:43,028] {bash_operator.py:126} INFO - 2015-06-01
[2020-06-03 17:21:43,029] {bash_operator.py:126} INFO - 2015-06-08
[2020-06-03 17:21:43,029] {bash_operator.py:126} INFO - Parameter I passed in
[2020-06-03 17:21:43,029] {bash_operator.py:126} INFO - 2015-06-01
[2020-06-03 17:21:43,030] {bash_operator.py:126} INFO - 2015-06-08
[2020-06-03 17:21:43,030] {bash_operator.py:126} INFO - Parameter I passed in
[2020-06-03 17:21:43,030] {bash_operator.py:126} INFO - 2015-06-01
[2020-06-03 17:21:43,030] {bash_operator.py:126} INFO - 2015-06-08
[2020-06-03 17:21:43,030] {bash_operator.py:126} INFO - Parameter I passed in
[2020-06-03 17:21:43,030] {bash_operator.py:126} INFO - 2015-06-01
[2020-06-03 17:21:43,030] {bash_operator.py:126} INFO - 2015-06-08
[2020-06-03 17:21:43,030] {bash_operator.py:126} INFO - Parameter I passed in
[2020-06-03 17:21:43,030] {bash_operator.py:126} INFO - 2015-06-01
[2020-06-03 17:21:43,031] {bash_operator.py:126} INFO - 2015-06-08
[2020-06-03 17:21:43,031] {bash_operator.py:126} INFO - Parameter I passed in
[2020-06-03 17:21:43,031] {bash_operator.py:130} INFO - Command exited with return code 0
[2020-06-03 17:21:43,053] {taskinstance.py:1065} INFO - Marking task as SUCCESS.dag_id=tutorial, task_id=templated, execution_date=20150601T000000, start_date=20200603T212142, end_date=20200603T212143
[2020-06-03 17:21:52,422] {logging_mixin.py:112} INFO - [2020-06-03 17:21:52,421] {local_task_job.py:103} INFO - Task exited with return code 0
