[2020-06-10 13:30:11,383] {taskinstance.py:669} INFO - Dependencies all met for <TaskInstance: generator_v4.generate_file 2020-06-10T17:24:00+00:00 [queued]>
[2020-06-10 13:30:11,389] {taskinstance.py:669} INFO - Dependencies all met for <TaskInstance: generator_v4.generate_file 2020-06-10T17:24:00+00:00 [queued]>
[2020-06-10 13:30:11,389] {taskinstance.py:879} INFO - 
--------------------------------------------------------------------------------
[2020-06-10 13:30:11,389] {taskinstance.py:880} INFO - Starting attempt 2 of 2
[2020-06-10 13:30:11,390] {taskinstance.py:881} INFO - 
--------------------------------------------------------------------------------
[2020-06-10 13:30:11,612] {taskinstance.py:900} INFO - Executing <Task(PythonOperator): generate_file> on 2020-06-10T17:24:00+00:00
[2020-06-10 13:30:11,614] {standard_task_runner.py:53} INFO - Started process 11480 to run task
[2020-06-10 13:30:11,810] {logging_mixin.py:112} INFO - Running %s on host %s <TaskInstance: generator_v4.generate_file 2020-06-10T17:24:00+00:00 [running]> strx
[2020-06-10 13:30:11,819] {logging_mixin.py:112} INFO - Generating  1591810211 ...
[2020-06-10 13:30:11,819] {taskinstance.py:1145} ERROR - [Errno 2] No such file or directory: '../../cmpc_data/descortezador_1591810211.csv'
Traceback (most recent call last):
  File "/home/isaias/anaconda3/envs/cmpc/lib/python3.6/site-packages/airflow/models/taskinstance.py", line 983, in _run_raw_task
    result = task_copy.execute(context=context)
  File "/home/isaias/anaconda3/envs/cmpc/lib/python3.6/site-packages/airflow/operators/python_operator.py", line 113, in execute
    return_value = self.execute_callable()
  File "/home/isaias/anaconda3/envs/cmpc/lib/python3.6/site-packages/airflow/operators/python_operator.py", line 118, in execute_callable
    return self.python_callable(*self.op_args, **self.op_kwargs)
  File "/home/isaias/airflow/dags/generator.py", line 60, in generate_file
    with open(filepath , 'w') as f:
FileNotFoundError: [Errno 2] No such file or directory: '../../cmpc_data/descortezador_1591810211.csv'
[2020-06-10 13:30:11,820] {taskinstance.py:1187} INFO - All retries failed; marking task as FAILED.dag_id=generator_v4, task_id=generate_file, execution_date=20200610T172400, start_date=20200610T173011, end_date=20200610T173011
[2020-06-10 13:30:21,236] {logging_mixin.py:112} INFO - [2020-06-10 13:30:21,235] {local_task_job.py:103} INFO - Task exited with return code 1
