[2020-06-03 17:22:30,737] {taskinstance.py:669} INFO - Dependencies all met for <TaskInstance: tutorial.templated 2015-06-05T00:00:00+00:00 [queued]>
[2020-06-03 17:22:30,763] {taskinstance.py:669} INFO - Dependencies all met for <TaskInstance: tutorial.templated 2015-06-05T00:00:00+00:00 [queued]>
[2020-06-03 17:22:30,765] {taskinstance.py:879} INFO - 
--------------------------------------------------------------------------------
[2020-06-03 17:22:30,766] {taskinstance.py:880} INFO - Starting attempt 1 of 2
[2020-06-03 17:22:30,766] {taskinstance.py:881} INFO - 
--------------------------------------------------------------------------------
[2020-06-03 17:22:30,967] {taskinstance.py:900} INFO - Executing <Task(BashOperator): templated> on 2015-06-05T00:00:00+00:00
[2020-06-03 17:22:30,970] {standard_task_runner.py:53} INFO - Started process 1151 to run task
[2020-06-03 17:22:31,281] {logging_mixin.py:112} INFO - Running %s on host %s <TaskInstance: tutorial.templated 2015-06-05T00:00:00+00:00 [running]> strx
[2020-06-03 17:22:31,316] {bash_operator.py:82} INFO - Tmp dir root location: 
 /tmp
[2020-06-03 17:22:31,318] {bash_operator.py:105} INFO - Temporary script location: /tmp/airflowtmpnctkr0o0/templatedmdj3b_dn
[2020-06-03 17:22:31,319] {bash_operator.py:115} INFO - Running command: 

    echo "2015-06-05"
    echo "2015-06-12"
    echo "Parameter I passed in"

    echo "2015-06-05"
    echo "2015-06-12"
    echo "Parameter I passed in"

    echo "2015-06-05"
    echo "2015-06-12"
    echo "Parameter I passed in"

    echo "2015-06-05"
    echo "2015-06-12"
    echo "Parameter I passed in"

    echo "2015-06-05"
    echo "2015-06-12"
    echo "Parameter I passed in"

[2020-06-03 17:22:31,328] {bash_operator.py:122} INFO - Output:
[2020-06-03 17:22:31,330] {bash_operator.py:126} INFO - 2015-06-05
[2020-06-03 17:22:31,331] {bash_operator.py:126} INFO - 2015-06-12
[2020-06-03 17:22:31,331] {bash_operator.py:126} INFO - Parameter I passed in
[2020-06-03 17:22:31,331] {bash_operator.py:126} INFO - 2015-06-05
[2020-06-03 17:22:31,331] {bash_operator.py:126} INFO - 2015-06-12
[2020-06-03 17:22:31,331] {bash_operator.py:126} INFO - Parameter I passed in
[2020-06-03 17:22:31,332] {bash_operator.py:126} INFO - 2015-06-05
[2020-06-03 17:22:31,332] {bash_operator.py:126} INFO - 2015-06-12
[2020-06-03 17:22:31,332] {bash_operator.py:126} INFO - Parameter I passed in
[2020-06-03 17:22:31,332] {bash_operator.py:126} INFO - 2015-06-05
[2020-06-03 17:22:31,332] {bash_operator.py:126} INFO - 2015-06-12
[2020-06-03 17:22:31,332] {bash_operator.py:126} INFO - Parameter I passed in
[2020-06-03 17:22:31,332] {bash_operator.py:126} INFO - 2015-06-05
[2020-06-03 17:22:31,332] {bash_operator.py:126} INFO - 2015-06-12
[2020-06-03 17:22:31,332] {bash_operator.py:126} INFO - Parameter I passed in
[2020-06-03 17:22:31,332] {bash_operator.py:130} INFO - Command exited with return code 0
[2020-06-03 17:22:31,341] {taskinstance.py:1065} INFO - Marking task as SUCCESS.dag_id=tutorial, task_id=templated, execution_date=20150605T000000, start_date=20200603T212230, end_date=20200603T212231
[2020-06-03 17:22:40,381] {logging_mixin.py:112} INFO - [2020-06-03 17:22:40,380] {local_task_job.py:103} INFO - Task exited with return code 0
