[2020-06-17 19:30:05,044] {taskinstance.py:669} INFO - Dependencies all met for <TaskInstance: MIS_v2.trigger_rerun 2020-06-17T23:29:06.869499+00:00 [queued]>
[2020-06-17 19:30:05,053] {taskinstance.py:669} INFO - Dependencies all met for <TaskInstance: MIS_v2.trigger_rerun 2020-06-17T23:29:06.869499+00:00 [queued]>
[2020-06-17 19:30:05,053] {taskinstance.py:879} INFO - 
--------------------------------------------------------------------------------
[2020-06-17 19:30:05,053] {taskinstance.py:880} INFO - Starting attempt 1 of 2
[2020-06-17 19:30:05,053] {taskinstance.py:881} INFO - 
--------------------------------------------------------------------------------
[2020-06-17 19:30:05,208] {taskinstance.py:900} INFO - Executing <Task(TriggerDagRunOperator): trigger_rerun> on 2020-06-17T23:29:06.869499+00:00
[2020-06-17 19:30:05,211] {standard_task_runner.py:53} INFO - Started process 9334 to run task
[2020-06-17 19:30:05,402] {logging_mixin.py:112} INFO - Running %s on host %s <TaskInstance: MIS_v2.trigger_rerun 2020-06-17T23:29:06.869499+00:00 [running]> strx
[2020-06-17 19:30:05,420] {taskinstance.py:1145} ERROR - Dag id MIS_sensor not found in DagModel
Traceback (most recent call last):
  File "/home/isaias/anaconda3/envs/cmpc/lib/python3.6/site-packages/airflow/models/taskinstance.py", line 983, in _run_raw_task
    result = task_copy.execute(context=context)
  File "/home/isaias/anaconda3/envs/cmpc/lib/python3.6/site-packages/airflow/operators/dagrun_operator.py", line 95, in execute
    replace_microseconds=False)
  File "/home/isaias/anaconda3/envs/cmpc/lib/python3.6/site-packages/airflow/api/common/experimental/trigger_dag.py", line 124, in trigger_dag
    raise DagNotFound("Dag id {} not found in DagModel".format(dag_id))
airflow.exceptions.DagNotFound: Dag id MIS_sensor not found in DagModel
[2020-06-17 19:30:05,434] {taskinstance.py:1168} INFO - Marking task as UP_FOR_RETRY
[2020-06-17 19:30:14,897] {logging_mixin.py:112} INFO - [2020-06-17 19:30:14,896] {local_task_job.py:103} INFO - Task exited with return code 1
