[2020-06-18 14:24:20,565] {taskinstance.py:669} INFO - Dependencies all met for <TaskInstance: sap_v1.save_processed 2020-06-18T18:24:09.428026+00:00 [queued]>
[2020-06-18 14:24:20,604] {taskinstance.py:669} INFO - Dependencies all met for <TaskInstance: sap_v1.save_processed 2020-06-18T18:24:09.428026+00:00 [queued]>
[2020-06-18 14:24:20,604] {taskinstance.py:879} INFO - 
--------------------------------------------------------------------------------
[2020-06-18 14:24:20,604] {taskinstance.py:880} INFO - Starting attempt 1 of 2
[2020-06-18 14:24:20,604] {taskinstance.py:881} INFO - 
--------------------------------------------------------------------------------
[2020-06-18 14:24:20,646] {taskinstance.py:900} INFO - Executing <Task(PythonOperator): save_processed> on 2020-06-18T18:24:09.428026+00:00
[2020-06-18 14:24:20,652] {standard_task_runner.py:53} INFO - Started process 24763 to run task
[2020-06-18 14:24:20,731] {logging_mixin.py:112} INFO - Running %s on host %s <TaskInstance: sap_v1.save_processed 2020-06-18T18:24:09.428026+00:00 [running]> strx
[2020-06-18 14:24:20,753] {logging_mixin.py:112} INFO - Saving processed...
[2020-06-18 14:24:20,921] {taskinstance.py:1145} ERROR - [Errno 2] No such file or directory: '/home/isaias/cmpc_data/SAPBD para calculo reposo.xlsx'
Traceback (most recent call last):
  File "/home/isaias/anaconda3/envs/cmpc/lib/python3.6/site-packages/airflow/models/taskinstance.py", line 983, in _run_raw_task
    result = task_copy.execute(context=context)
  File "/home/isaias/anaconda3/envs/cmpc/lib/python3.6/site-packages/airflow/operators/python_operator.py", line 113, in execute
    return_value = self.execute_callable()
  File "/home/isaias/anaconda3/envs/cmpc/lib/python3.6/site-packages/airflow/operators/python_operator.py", line 118, in execute_callable
    return self.python_callable(*self.op_args, **self.op_kwargs)
  File "/home/isaias/airflow/dags/extract_SAP.py", line 136, in save_processed
    dataframe_data = read_xlsx(filepath, 'BD')
  File "/home/isaias/airflow/dags/extract_SAP.py", line 85, in read_xlsx
    dfs = pd.read_excel(filepath, sheet_name=sheet_name)
  File "/home/isaias/anaconda3/envs/cmpc/lib/python3.6/site-packages/pandas/util/_decorators.py", line 208, in wrapper
    return func(*args, **kwargs)
  File "/home/isaias/anaconda3/envs/cmpc/lib/python3.6/site-packages/pandas/io/excel/_base.py", line 310, in read_excel
    io = ExcelFile(io, engine=engine)
  File "/home/isaias/anaconda3/envs/cmpc/lib/python3.6/site-packages/pandas/io/excel/_base.py", line 819, in __init__
    self._reader = self._engines[engine](self._io)
  File "/home/isaias/anaconda3/envs/cmpc/lib/python3.6/site-packages/pandas/io/excel/_xlrd.py", line 21, in __init__
    super().__init__(filepath_or_buffer)
  File "/home/isaias/anaconda3/envs/cmpc/lib/python3.6/site-packages/pandas/io/excel/_base.py", line 359, in __init__
    self.book = self.load_workbook(filepath_or_buffer)
  File "/home/isaias/anaconda3/envs/cmpc/lib/python3.6/site-packages/pandas/io/excel/_xlrd.py", line 36, in load_workbook
    return open_workbook(filepath_or_buffer)
  File "/home/isaias/anaconda3/envs/cmpc/lib/python3.6/site-packages/xlrd/__init__.py", line 111, in open_workbook
    with open(filename, "rb") as f:
FileNotFoundError: [Errno 2] No such file or directory: '/home/isaias/cmpc_data/SAPBD para calculo reposo.xlsx'
[2020-06-18 14:24:21,006] {taskinstance.py:1168} INFO - Marking task as UP_FOR_RETRY
[2020-06-18 14:24:30,525] {logging_mixin.py:112} INFO - [2020-06-18 14:24:30,525] {local_task_job.py:103} INFO - Task exited with return code 1
