[2020-06-03 17:22:42,625] {taskinstance.py:669} INFO - Dependencies all met for <TaskInstance: tutorial.templated 2015-06-06T00:00:00+00:00 [queued]>
[2020-06-03 17:22:42,634] {taskinstance.py:669} INFO - Dependencies all met for <TaskInstance: tutorial.templated 2015-06-06T00:00:00+00:00 [queued]>
[2020-06-03 17:22:42,634] {taskinstance.py:879} INFO - 
--------------------------------------------------------------------------------
[2020-06-03 17:22:42,635] {taskinstance.py:880} INFO - Starting attempt 1 of 2
[2020-06-03 17:22:42,635] {taskinstance.py:881} INFO - 
--------------------------------------------------------------------------------
[2020-06-03 17:22:42,871] {taskinstance.py:900} INFO - Executing <Task(BashOperator): templated> on 2015-06-06T00:00:00+00:00
[2020-06-03 17:22:42,874] {standard_task_runner.py:53} INFO - Started process 1191 to run task
[2020-06-03 17:22:43,129] {logging_mixin.py:112} INFO - Running %s on host %s <TaskInstance: tutorial.templated 2015-06-06T00:00:00+00:00 [running]> strx
[2020-06-03 17:22:43,149] {bash_operator.py:82} INFO - Tmp dir root location: 
 /tmp
[2020-06-03 17:22:43,150] {bash_operator.py:105} INFO - Temporary script location: /tmp/airflowtmp19g5m1nk/templated08_mbldu
[2020-06-03 17:22:43,150] {bash_operator.py:115} INFO - Running command: 

    echo "2015-06-06"
    echo "2015-06-13"
    echo "Parameter I passed in"

    echo "2015-06-06"
    echo "2015-06-13"
    echo "Parameter I passed in"

    echo "2015-06-06"
    echo "2015-06-13"
    echo "Parameter I passed in"

    echo "2015-06-06"
    echo "2015-06-13"
    echo "Parameter I passed in"

    echo "2015-06-06"
    echo "2015-06-13"
    echo "Parameter I passed in"

[2020-06-03 17:22:43,157] {bash_operator.py:122} INFO - Output:
[2020-06-03 17:22:43,158] {bash_operator.py:126} INFO - 2015-06-06
[2020-06-03 17:22:43,158] {bash_operator.py:126} INFO - 2015-06-13
[2020-06-03 17:22:43,158] {bash_operator.py:126} INFO - Parameter I passed in
[2020-06-03 17:22:43,158] {bash_operator.py:126} INFO - 2015-06-06
[2020-06-03 17:22:43,158] {bash_operator.py:126} INFO - 2015-06-13
[2020-06-03 17:22:43,158] {bash_operator.py:126} INFO - Parameter I passed in
[2020-06-03 17:22:43,158] {bash_operator.py:126} INFO - 2015-06-06
[2020-06-03 17:22:43,158] {bash_operator.py:126} INFO - 2015-06-13
[2020-06-03 17:22:43,158] {bash_operator.py:126} INFO - Parameter I passed in
[2020-06-03 17:22:43,158] {bash_operator.py:126} INFO - 2015-06-06
[2020-06-03 17:22:43,158] {bash_operator.py:126} INFO - 2015-06-13
[2020-06-03 17:22:43,159] {bash_operator.py:126} INFO - Parameter I passed in
[2020-06-03 17:22:43,159] {bash_operator.py:126} INFO - 2015-06-06
[2020-06-03 17:22:43,159] {bash_operator.py:126} INFO - 2015-06-13
[2020-06-03 17:22:43,159] {bash_operator.py:126} INFO - Parameter I passed in
[2020-06-03 17:22:43,159] {bash_operator.py:130} INFO - Command exited with return code 0
[2020-06-03 17:22:43,165] {taskinstance.py:1065} INFO - Marking task as SUCCESS.dag_id=tutorial, task_id=templated, execution_date=20150606T000000, start_date=20200603T212242, end_date=20200603T212243
[2020-06-03 17:22:52,455] {logging_mixin.py:112} INFO - [2020-06-03 17:22:52,455] {local_task_job.py:103} INFO - Task exited with return code 0
