[2020-06-18 22:12:54,994] {taskinstance.py:669} INFO - Dependencies all met for <TaskInstance: sh_preprensa.sensor 2020-06-19T02:12:42+00:00 [queued]>
[2020-06-18 22:12:55,041] {taskinstance.py:669} INFO - Dependencies all met for <TaskInstance: sh_preprensa.sensor 2020-06-19T02:12:42+00:00 [queued]>
[2020-06-18 22:12:55,042] {taskinstance.py:879} INFO - 
--------------------------------------------------------------------------------
[2020-06-18 22:12:55,042] {taskinstance.py:880} INFO - Starting attempt 1 of 2
[2020-06-18 22:12:55,042] {taskinstance.py:881} INFO - 
--------------------------------------------------------------------------------
[2020-06-18 22:12:55,074] {taskinstance.py:900} INFO - Executing <Task(PythonOperator): sensor> on 2020-06-19T02:12:42+00:00
[2020-06-18 22:12:55,079] {standard_task_runner.py:53} INFO - Started process 27846 to run task
[2020-06-18 22:12:55,226] {logging_mixin.py:112} INFO - Running %s on host %s <TaskInstance: sh_preprensa.sensor 2020-06-19T02:12:42+00:00 [running]> strx
[2020-06-18 22:12:55,280] {logging_mixin.py:112} INFO - Sensoring...
[2020-06-18 22:17:19,670] {logging_mixin.py:112} INFO - [2020-06-18 22:17:19,668] {local_task_job.py:167} WARNING - State of this instance has been externally set to None. Taking the poison pill.
[2020-06-18 22:17:19,678] {helpers.py:325} INFO - Sending Signals.SIGTERM to GPID 27846
[2020-06-18 22:17:19,678] {taskinstance.py:954} ERROR - Received SIGTERM. Terminating subprocesses.
[2020-06-18 22:17:19,688] {taskinstance.py:1145} ERROR - Task received SIGTERM signal
Traceback (most recent call last):
  File "/home/isaias/anaconda3/envs/cmpc/lib/python3.6/site-packages/airflow/models/taskinstance.py", line 983, in _run_raw_task
    result = task_copy.execute(context=context)
  File "/home/isaias/anaconda3/envs/cmpc/lib/python3.6/site-packages/airflow/operators/python_operator.py", line 113, in execute
    return_value = self.execute_callable()
  File "/home/isaias/anaconda3/envs/cmpc/lib/python3.6/site-packages/airflow/operators/python_operator.py", line 118, in execute_callable
    return self.python_callable(*self.op_args, **self.op_kwargs)
  File "/home/isaias/airflow/dags/extract_SH_preprensa.py", line 112, in sensor
    sleep(5)
  File "/home/isaias/anaconda3/envs/cmpc/lib/python3.6/site-packages/airflow/models/taskinstance.py", line 956, in signal_handler
    raise AirflowException("Task received SIGTERM signal")
airflow.exceptions.AirflowException: Task received SIGTERM signal
[2020-06-18 22:17:19,690] {taskinstance.py:1187} INFO - All retries failed; marking task as FAILED.dag_id=sh_preprensa, task_id=sensor, execution_date=20200619T021242, start_date=20200619T021254, end_date=20200619T021719
[2020-06-18 22:17:19,730] {helpers.py:291} INFO - Process psutil.Process(pid=27846, status='terminated') (27846) terminated with exit code 1
[2020-06-18 22:17:24,658] {logging_mixin.py:112} INFO - [2020-06-18 22:17:24,657] {local_task_job.py:103} INFO - Task exited with return code 1
