[2020-06-03 17:22:54,821] {taskinstance.py:669} INFO - Dependencies all met for <TaskInstance: tutorial.templated 2015-06-07T00:00:00+00:00 [queued]>
[2020-06-03 17:22:54,832] {taskinstance.py:669} INFO - Dependencies all met for <TaskInstance: tutorial.templated 2015-06-07T00:00:00+00:00 [queued]>
[2020-06-03 17:22:54,833] {taskinstance.py:879} INFO - 
--------------------------------------------------------------------------------
[2020-06-03 17:22:54,833] {taskinstance.py:880} INFO - Starting attempt 1 of 2
[2020-06-03 17:22:54,833] {taskinstance.py:881} INFO - 
--------------------------------------------------------------------------------
[2020-06-03 17:22:55,167] {taskinstance.py:900} INFO - Executing <Task(BashOperator): templated> on 2015-06-07T00:00:00+00:00
[2020-06-03 17:22:55,169] {standard_task_runner.py:53} INFO - Started process 1220 to run task
[2020-06-03 17:22:55,443] {logging_mixin.py:112} INFO - Running %s on host %s <TaskInstance: tutorial.templated 2015-06-07T00:00:00+00:00 [running]> strx
[2020-06-03 17:22:55,456] {bash_operator.py:82} INFO - Tmp dir root location: 
 /tmp
[2020-06-03 17:22:55,457] {bash_operator.py:105} INFO - Temporary script location: /tmp/airflowtmpoq9ltjtu/templatedxtlemk2j
[2020-06-03 17:22:55,457] {bash_operator.py:115} INFO - Running command: 

    echo "2015-06-07"
    echo "2015-06-14"
    echo "Parameter I passed in"

    echo "2015-06-07"
    echo "2015-06-14"
    echo "Parameter I passed in"

    echo "2015-06-07"
    echo "2015-06-14"
    echo "Parameter I passed in"

    echo "2015-06-07"
    echo "2015-06-14"
    echo "Parameter I passed in"

    echo "2015-06-07"
    echo "2015-06-14"
    echo "Parameter I passed in"

[2020-06-03 17:22:55,462] {bash_operator.py:122} INFO - Output:
[2020-06-03 17:22:55,462] {bash_operator.py:126} INFO - 2015-06-07
[2020-06-03 17:22:55,463] {bash_operator.py:126} INFO - 2015-06-14
[2020-06-03 17:22:55,463] {bash_operator.py:126} INFO - Parameter I passed in
[2020-06-03 17:22:55,463] {bash_operator.py:126} INFO - 2015-06-07
[2020-06-03 17:22:55,463] {bash_operator.py:126} INFO - 2015-06-14
[2020-06-03 17:22:55,463] {bash_operator.py:126} INFO - Parameter I passed in
[2020-06-03 17:22:55,463] {bash_operator.py:126} INFO - 2015-06-07
[2020-06-03 17:22:55,463] {bash_operator.py:126} INFO - 2015-06-14
[2020-06-03 17:22:55,463] {bash_operator.py:126} INFO - Parameter I passed in
[2020-06-03 17:22:55,463] {bash_operator.py:126} INFO - 2015-06-07
[2020-06-03 17:22:55,463] {bash_operator.py:126} INFO - 2015-06-14
[2020-06-03 17:22:55,463] {bash_operator.py:126} INFO - Parameter I passed in
[2020-06-03 17:22:55,463] {bash_operator.py:126} INFO - 2015-06-07
[2020-06-03 17:22:55,463] {bash_operator.py:126} INFO - 2015-06-14
[2020-06-03 17:22:55,463] {bash_operator.py:126} INFO - Parameter I passed in
[2020-06-03 17:22:55,463] {bash_operator.py:130} INFO - Command exited with return code 0
[2020-06-03 17:22:55,469] {taskinstance.py:1065} INFO - Marking task as SUCCESS.dag_id=tutorial, task_id=templated, execution_date=20150607T000000, start_date=20200603T212254, end_date=20200603T212255
[2020-06-03 17:23:04,566] {logging_mixin.py:112} INFO - [2020-06-03 17:23:04,565] {local_task_job.py:103} INFO - Task exited with return code 0
